<?xml version="1.0" encoding="UTF-8"?>
<testng-results ignored="0" total="1" passed="1" failed="0" skipped="0">
  <reporter-output>
  </reporter-output>
  <suite started-at="2023-08-03T17:39:55 IST" name="Suite" finished-at="2023-08-03T17:39:59 IST" duration-ms="4346">
    <groups>
    </groups>
    <test started-at="2023-08-03T17:39:55 IST" name="Test" finished-at="2023-08-03T17:39:59 IST" duration-ms="4346">
      <class name="Selenium.PracticeSelenium.LearningLocators">
        <test-method signature="locatorspractice()[pri:0, instance:Selenium.PracticeSelenium.LearningLocators@4c309d4d]" started-at="2023-08-03T17:39:55 IST" name="locatorspractice" finished-at="2023-08-03T17:39:59 IST" duration-ms="4335" status="PASS">
          <reporter-output>
          </reporter-output>
        </test-method> <!-- locatorspractice -->
      </class> <!-- Selenium.PracticeSelenium.LearningLocators -->
    </test> <!-- Test -->
  </suite> <!-- Suite -->
</testng-results>
